IRTools expression -q IRI -i /home/zzeng/cloud_research/PengGroup/ZZeng/Data/intron_retention/Human/CD4/tophat_analysis/Naive_CD4_Rest/Naive_CD4_Rest.bam -p single -s fr-unstranded -e hg19 -u /home/zzeng/cloud_research/PengGroup/ZZeng/Annotation/mappability/hg19_wgEncodeCrgMapabilityAlign50mer.bigWig -n Naive_CD4_Rest
usage: IRTools [-h] [-v] {annotation,quant,diff,stat,feat,plot,merge} ...
IRTools: error: argument subcommand_name: invalid choice: 'expression' (choose from 'annotation', 'quant', 'diff', 'stat', 'feat', 'plot', 'merge')


IRTools expression -q IRI -i /home/zzeng/cloud_research/PengGroup/ZZeng/Data/intron_retention/Human/CD4/tophat_analysis/Naive_CD4_Active_40min/Naive_CD4_Active_40min.bam -p single -s fr-unstranded -e hg19 -u /home/zzeng/cloud_research/PengGroup/ZZeng/Annotation/mappability/hg19_wgEncodeCrgMapabilityAlign50mer.bigWig -n Naive_CD4_Active_40min
usage: IRTools [-h] [-v] {annotation,quant,diff,stat,feat,plot,merge} ...
IRTools: error: argument subcommand_name: invalid choice: 'expression' (choose from 'annotation', 'quant', 'diff', 'stat', 'feat', 'plot', 'merge')


IRTools expression -q IRI -i /home/zzeng/cloud_research/PengGroup/ZZeng/Data/intron_retention/Human/CD4/tophat_analysis/Naive_CD4_Active_150min/Naive_CD4_Active_150min.bam -p single -s fr-unstranded -e hg19 -u /home/zzeng/cloud_research/PengGroup/ZZeng/Annotation/mappability/hg19_wgEncodeCrgMapabilityAlign50mer.bigWig -n Naive_CD4_Active_150min
usage: IRTools [-h] [-v] {annotation,quant,diff,stat,feat,plot,merge} ...
IRTools: error: argument subcommand_name: invalid choice: 'expression' (choose from 'annotation', 'quant', 'diff', 'stat', 'feat', 'plot', 'merge')


IRTools expression -q IRI -i /home/zzeng/cloud_research/PengGroup/ZZeng/Data/intron_retention/Human/CD4/tophat_analysis/Naive_CD4_Active_15h/Naive_CD4_Active_15h.bam -p single -s fr-unstranded -e hg19 -u /home/zzeng/cloud_research/PengGroup/ZZeng/Annotation/mappability/hg19_wgEncodeCrgMapabilityAlign50mer.bigWig -n Naive_CD4_Active_15h
usage: IRTools [-h] [-v] {annotation,quant,diff,stat,feat,plot,merge} ...
IRTools: error: argument subcommand_name: invalid choice: 'expression' (choose from 'annotation', 'quant', 'diff', 'stat', 'feat', 'plot', 'merge')


IRTools expression -q IRI -i /home/zzeng/cloud_research/PengGroup/ZZeng/Data/intron_retention/Human/CD4/tophat_analysis/TCM_CD4_Rest/TCM_CD4_Rest.bam -p single -s fr-unstranded -e hg19 -u /home/zzeng/cloud_research/PengGroup/ZZeng/Annotation/mappability/hg19_wgEncodeCrgMapabilityAlign50mer.bigWig -n TCM_CD4_Rest
usage: IRTools [-h] [-v] {annotation,quant,diff,stat,feat,plot,merge} ...
IRTools: error: argument subcommand_name: invalid choice: 'expression' (choose from 'annotation', 'quant', 'diff', 'stat', 'feat', 'plot', 'merge')


IRTools expression -q IRI -i /home/zzeng/cloud_research/PengGroup/ZZeng/Data/intron_retention/Human/CD4/tophat_analysis/TCM_CD4_Active_40min/TCM_CD4_Active_40min.bam -p single -s fr-unstranded -e hg19 -u /home/zzeng/cloud_research/PengGroup/ZZeng/Annotation/mappability/hg19_wgEncodeCrgMapabilityAlign50mer.bigWig -n TCM_CD4_Active_40min
usage: IRTools [-h] [-v] {annotation,quant,diff,stat,feat,plot,merge} ...
IRTools: error: argument subcommand_name: invalid choice: 'expression' (choose from 'annotation', 'quant', 'diff', 'stat', 'feat', 'plot', 'merge')


IRTools expression -q IRI -i /home/zzeng/cloud_research/PengGroup/ZZeng/Data/intron_retention/Human/CD4/tophat_analysis/TCM_CD4_Active_150min/TCM_CD4_Active_150min.bam -p single -s fr-unstranded -e hg19 -u /home/zzeng/cloud_research/PengGroup/ZZeng/Annotation/mappability/hg19_wgEncodeCrgMapabilityAlign50mer.bigWig -n TCM_CD4_Active_150min
usage: IRTools [-h] [-v] {annotation,quant,diff,stat,feat,plot,merge} ...
IRTools: error: argument subcommand_name: invalid choice: 'expression' (choose from 'annotation', 'quant', 'diff', 'stat', 'feat', 'plot', 'merge')


IRTools expression -q IRI -i /home/zzeng/cloud_research/PengGroup/ZZeng/Data/intron_retention/Human/CD4/tophat_analysis/TCM_CD4_Active_15h/TCM_CD4_Active_15h.bam -p single -s fr-unstranded -e hg19 -u /home/zzeng/cloud_research/PengGroup/ZZeng/Annotation/mappability/hg19_wgEncodeCrgMapabilityAlign50mer.bigWig -n TCM_CD4_Active_15h
usage: IRTools [-h] [-v] {annotation,quant,diff,stat,feat,plot,merge} ...
IRTools: error: argument subcommand_name: invalid choice: 'expression' (choose from 'annotation', 'quant', 'diff', 'stat', 'feat', 'plot', 'merge')


IRTools expression -q IRI -i /home/zzeng/cloud_research/PengGroup/ZZeng/Data/intron_retention/Human/CD4/tophat_analysis/TEM_CD4_Rest/TEM_CD4_Rest.bam -p single -s fr-unstranded -e hg19 -u /home/zzeng/cloud_research/PengGroup/ZZeng/Annotation/mappability/hg19_wgEncodeCrgMapabilityAlign50mer.bigWig -n TEM_CD4_Rest
usage: IRTools [-h] [-v] {annotation,quant,diff,stat,feat,plot,merge} ...
IRTools: error: argument subcommand_name: invalid choice: 'expression' (choose from 'annotation', 'quant', 'diff', 'stat', 'feat', 'plot', 'merge')


IRTools expression -q IRI -i /home/zzeng/cloud_research/PengGroup/ZZeng/Data/intron_retention/Human/CD4/tophat_analysis/TEM_CD4_Active_40min/TEM_CD4_Active_40min.bam -p single -s fr-unstranded -e hg19 -u /home/zzeng/cloud_research/PengGroup/ZZeng/Annotation/mappability/hg19_wgEncodeCrgMapabilityAlign50mer.bigWig -n TEM_CD4_Active_40min
usage: IRTools [-h] [-v] {annotation,quant,diff,stat,feat,plot,merge} ...
IRTools: error: argument subcommand_name: invalid choice: 'expression' (choose from 'annotation', 'quant', 'diff', 'stat', 'feat', 'plot', 'merge')


IRTools expression -q IRI -i /home/zzeng/cloud_research/PengGroup/ZZeng/Data/intron_retention/Human/CD4/tophat_analysis/TEM_CD4_Active_150min/TEM_CD4_Active_150min.bam -p single -s fr-unstranded -e hg19 -u /home/zzeng/cloud_research/PengGroup/ZZeng/Annotation/mappability/hg19_wgEncodeCrgMapabilityAlign50mer.bigWig -n TEM_CD4_Active_150min
usage: IRTools [-h] [-v] {annotation,quant,diff,stat,feat,plot,merge} ...
IRTools: error: argument subcommand_name: invalid choice: 'expression' (choose from 'annotation', 'quant', 'diff', 'stat', 'feat', 'plot', 'merge')


IRTools expression -q IRI -i /home/zzeng/cloud_research/PengGroup/ZZeng/Data/intron_retention/Human/CD4/tophat_analysis/TEM_CD4_Active_15h/TEM_CD4_Active_15h.bam -p single -s fr-unstranded -e hg19 -u /home/zzeng/cloud_research/PengGroup/ZZeng/Annotation/mappability/hg19_wgEncodeCrgMapabilityAlign50mer.bigWig -n TEM_CD4_Active_15h
usage: IRTools [-h] [-v] {annotation,quant,diff,stat,feat,plot,merge} ...
IRTools: error: argument subcommand_name: invalid choice: 'expression' (choose from 'annotation', 'quant', 'diff', 'stat', 'feat', 'plot', 'merge')


done
