IRTools quant -q IRI -i /home/zzeng/cloud_research/PengGroup/ZZeng/Data/intron_retention/Human/CD4/tophat_analysis/Naive_CD4_Rest/Naive_CD4_Rest.bam -p single -s fr-unstranded -e hg19 -u /home/zzeng/cloud_research/PengGroup/ZZeng/Annotation/mappability/hg19_wgEncodeCrgMapabilityAlign50mer.bigWig -n Naive_CD4_Rest
[2017-06-07 20:08:33]: Beginning IRTools quant run 
--------------------------------------------------
[2017-06-07 20:08:33]: Generating grammar tables from /usr/lib/python2.7/lib2to3/Grammar.txt 
[2017-06-07 20:08:33]: Generating grammar tables from /usr/lib/python2.7/lib2to3/PatternGrammar.txt 
[2017-06-07 20:33:24]: Counting number of reads that map to each individual constitutive intronic region (CIR) and constitutive exonic region (CER) 
[2017-06-07 21:20:30]: Calculating CIR RPKM and CER RPKM in intron level 
[2017-06-07 21:20:30]: Calculating intron retention index (IRI) in intron level 
/home/zzeng/Software/IRTools/IRTools/quant_IRI.py:513: RuntimeWarning: invalid value encountered in divide
  intron_IRI = np.divide(CIR_RPKM, adjacent_CER_RPKM)
/home/zzeng/Software/IRTools/IRTools/quant_IRI.py:513: RuntimeWarning: divide by zero encountered in divide
  intron_IRI = np.divide(CIR_RPKM, adjacent_CER_RPKM)
[2017-06-07 21:20:32]: Appling filter to remove fake intron retention events 
[2017-06-07 21:22:29]: 990 constitutive intronic regions (CIR) are unlikely to be intron retention events and are filtered 
[2017-06-07 21:22:29]: Writing intron level result to file: Naive_CD4_Rest.quant.IRI.introns.txt 
[2017-06-07 21:22:30]: Counting number of reads that map to constitutive intronic regions (CIR) and constitutive exonic regions (CER) of each individual gene 
[2017-06-07 21:22:30]: Calculating CIR RPKM and CER RPKM in gene level 
[2017-06-07 21:22:30]: Calculating intron retention index (IRI) in gene level 
/home/zzeng/Software/IRTools/IRTools/quant_IRI.py:573: RuntimeWarning: divide by zero encountered in divide
  gene_IRI = np.divide(gene_CIR_RPKM, gene_CER_RPKM)
/home/zzeng/Software/IRTools/IRTools/quant_IRI.py:573: RuntimeWarning: invalid value encountered in divide
  gene_IRI = np.divide(gene_CIR_RPKM, gene_CER_RPKM)
[2017-06-07 21:22:30]: Writing gene level result to file: Naive_CD4_Rest.quant.IRI.genes.txt 
[2017-06-07 21:22:31]: Genome-wide intron retention statistics of the library: 
	Total CER read count: 12812440.766774 (48.13%)
	Total CIR read count: 5104424.491668 (19.17%)
	Total read count: 26620481
	Genomoe-wide intron retention index: 0.025962
--------------------------------------------------
[2017-06-07 21:22:32]: Run complete: 1:13:59 elapsed 


IRTools quant -q IRI -i /home/zzeng/cloud_research/PengGroup/ZZeng/Data/intron_retention/Human/CD4/tophat_analysis/Naive_CD4_Active_40min/Naive_CD4_Active_40min.bam -p single -s fr-unstranded -e hg19 -u /home/zzeng/cloud_research/PengGroup/ZZeng/Annotation/mappability/hg19_wgEncodeCrgMapabilityAlign50mer.bigWig -n Naive_CD4_Active_40min
[2017-06-07 21:22:34]: Beginning IRTools quant run 
--------------------------------------------------
[2017-06-07 21:22:34]: Generating grammar tables from /usr/lib/python2.7/lib2to3/Grammar.txt 
[2017-06-07 21:22:34]: Generating grammar tables from /usr/lib/python2.7/lib2to3/PatternGrammar.txt 
[2017-06-07 21:47:24]: Counting number of reads that map to each individual constitutive intronic region (CIR) and constitutive exonic region (CER) 
[2017-06-07 22:22:52]: Calculating CIR RPKM and CER RPKM in intron level 
[2017-06-07 22:22:52]: Calculating intron retention index (IRI) in intron level 
/home/zzeng/Software/IRTools/IRTools/quant_IRI.py:513: RuntimeWarning: invalid value encountered in divide
  intron_IRI = np.divide(CIR_RPKM, adjacent_CER_RPKM)
/home/zzeng/Software/IRTools/IRTools/quant_IRI.py:513: RuntimeWarning: divide by zero encountered in divide
  intron_IRI = np.divide(CIR_RPKM, adjacent_CER_RPKM)
[2017-06-07 22:22:54]: Appling filter to remove fake intron retention events 
[2017-06-07 22:24:49]: 1929 constitutive intronic regions (CIR) are unlikely to be intron retention events and are filtered 
[2017-06-07 22:24:49]: Writing intron level result to file: Naive_CD4_Active_40min.quant.IRI.introns.txt 
[2017-06-07 22:24:51]: Counting number of reads that map to constitutive intronic regions (CIR) and constitutive exonic regions (CER) of each individual gene 
[2017-06-07 22:24:51]: Calculating CIR RPKM and CER RPKM in gene level 
[2017-06-07 22:24:51]: Calculating intron retention index (IRI) in gene level 
/home/zzeng/Software/IRTools/IRTools/quant_IRI.py:573: RuntimeWarning: divide by zero encountered in divide
  gene_IRI = np.divide(gene_CIR_RPKM, gene_CER_RPKM)
/home/zzeng/Software/IRTools/IRTools/quant_IRI.py:573: RuntimeWarning: invalid value encountered in divide
  gene_IRI = np.divide(gene_CIR_RPKM, gene_CER_RPKM)
[2017-06-07 22:24:51]: Writing gene level result to file: Naive_CD4_Active_40min.quant.IRI.genes.txt 
[2017-06-07 22:24:51]: Genome-wide intron retention statistics of the library: 
	Total CER read count: 10649926.669852 (53.91%)
	Total CIR read count: 3014287.984116 (15.26%)
	Total read count: 19756678
	Genomoe-wide intron retention index: 0.018444
--------------------------------------------------
[2017-06-07 22:24:52]: Run complete: 1:02:18 elapsed 


IRTools quant -q IRI -i /home/zzeng/cloud_research/PengGroup/ZZeng/Data/intron_retention/Human/CD4/tophat_analysis/Naive_CD4_Active_150min/Naive_CD4_Active_150min.bam -p single -s fr-unstranded -e hg19 -u /home/zzeng/cloud_research/PengGroup/ZZeng/Annotation/mappability/hg19_wgEncodeCrgMapabilityAlign50mer.bigWig -n Naive_CD4_Active_150min
[2017-06-07 22:24:53]: Beginning IRTools quant run 
--------------------------------------------------
[2017-06-07 22:24:53]: Generating grammar tables from /usr/lib/python2.7/lib2to3/Grammar.txt 
[2017-06-07 22:24:53]: Generating grammar tables from /usr/lib/python2.7/lib2to3/PatternGrammar.txt 
[2017-06-07 22:49:35]: Counting number of reads that map to each individual constitutive intronic region (CIR) and constitutive exonic region (CER) 
[2017-06-07 23:36:57]: Calculating CIR RPKM and CER RPKM in intron level 
[2017-06-07 23:36:57]: Calculating intron retention index (IRI) in intron level 
/home/zzeng/Software/IRTools/IRTools/quant_IRI.py:513: RuntimeWarning: invalid value encountered in divide
  intron_IRI = np.divide(CIR_RPKM, adjacent_CER_RPKM)
/home/zzeng/Software/IRTools/IRTools/quant_IRI.py:513: RuntimeWarning: divide by zero encountered in divide
  intron_IRI = np.divide(CIR_RPKM, adjacent_CER_RPKM)
[2017-06-07 23:36:59]: Appling filter to remove fake intron retention events 
[2017-06-07 23:38:56]: 1777 constitutive intronic regions (CIR) are unlikely to be intron retention events and are filtered 
[2017-06-07 23:38:56]: Writing intron level result to file: Naive_CD4_Active_150min.quant.IRI.introns.txt 
[2017-06-07 23:38:57]: Counting number of reads that map to constitutive intronic regions (CIR) and constitutive exonic regions (CER) of each individual gene 
[2017-06-07 23:38:57]: Calculating CIR RPKM and CER RPKM in gene level 
[2017-06-07 23:38:57]: Calculating intron retention index (IRI) in gene level 
/home/zzeng/Software/IRTools/IRTools/quant_IRI.py:573: RuntimeWarning: divide by zero encountered in divide
  gene_IRI = np.divide(gene_CIR_RPKM, gene_CER_RPKM)
/home/zzeng/Software/IRTools/IRTools/quant_IRI.py:573: RuntimeWarning: invalid value encountered in divide
  gene_IRI = np.divide(gene_CIR_RPKM, gene_CER_RPKM)
[2017-06-07 23:38:57]: Writing gene level result to file: Naive_CD4_Active_150min.quant.IRI.genes.txt 
[2017-06-07 23:38:58]: Genome-wide intron retention statistics of the library: 
	Total CER read count: 15676941.942457 (61.62%)
	Total CIR read count: 3057860.618227 (12.02%)
	Total read count: 25439297
	Genomoe-wide intron retention index: 0.012695
--------------------------------------------------
[2017-06-07 23:38:59]: Run complete: 1:14:06 elapsed 


IRTools quant -q IRI -i /home/zzeng/cloud_research/PengGroup/ZZeng/Data/intron_retention/Human/CD4/tophat_analysis/Naive_CD4_Active_15h/Naive_CD4_Active_15h.bam -p single -s fr-unstranded -e hg19 -u /home/zzeng/cloud_research/PengGroup/ZZeng/Annotation/mappability/hg19_wgEncodeCrgMapabilityAlign50mer.bigWig -n Naive_CD4_Active_15h
[2017-06-07 23:39:00]: Beginning IRTools quant run 
--------------------------------------------------
[2017-06-07 23:39:00]: Generating grammar tables from /usr/lib/python2.7/lib2to3/Grammar.txt 
[2017-06-07 23:39:00]: Generating grammar tables from /usr/lib/python2.7/lib2to3/PatternGrammar.txt 
[2017-06-08 00:03:08]: Counting number of reads that map to each individual constitutive intronic region (CIR) and constitutive exonic region (CER) 
[2017-06-08 00:22:26]: Calculating CIR RPKM and CER RPKM in intron level 
[2017-06-08 00:22:26]: Calculating intron retention index (IRI) in intron level 
/home/zzeng/Software/IRTools/IRTools/quant_IRI.py:513: RuntimeWarning: invalid value encountered in divide
  intron_IRI = np.divide(CIR_RPKM, adjacent_CER_RPKM)
/home/zzeng/Software/IRTools/IRTools/quant_IRI.py:513: RuntimeWarning: divide by zero encountered in divide
  intron_IRI = np.divide(CIR_RPKM, adjacent_CER_RPKM)
[2017-06-08 00:22:28]: Appling filter to remove fake intron retention events 
[2017-06-08 00:24:19]: 497 constitutive intronic regions (CIR) are unlikely to be intron retention events and are filtered 
[2017-06-08 00:24:19]: Writing intron level result to file: Naive_CD4_Active_15h.quant.IRI.introns.txt 
[2017-06-08 00:24:20]: Counting number of reads that map to constitutive intronic regions (CIR) and constitutive exonic regions (CER) of each individual gene 
[2017-06-08 00:24:20]: Calculating CIR RPKM and CER RPKM in gene level 
[2017-06-08 00:24:20]: Calculating intron retention index (IRI) in gene level 
/home/zzeng/Software/IRTools/IRTools/quant_IRI.py:573: RuntimeWarning: divide by zero encountered in divide
  gene_IRI = np.divide(gene_CIR_RPKM, gene_CER_RPKM)
/home/zzeng/Software/IRTools/IRTools/quant_IRI.py:573: RuntimeWarning: invalid value encountered in divide
  gene_IRI = np.divide(gene_CIR_RPKM, gene_CER_RPKM)
[2017-06-08 00:24:20]: Writing gene level result to file: Naive_CD4_Active_15h.quant.IRI.genes.txt 
[2017-06-08 00:24:20]: Genome-wide intron retention statistics of the library: 
	Total CER read count: 7184181.882930 (70.59%)
	Total CIR read count: 736757.477171 (7.24%)
	Total read count: 10177830
	Genomoe-wide intron retention index: 0.006604
--------------------------------------------------
[2017-06-08 00:24:21]: Run complete: 0:45:21 elapsed 


IRTools quant -q IRI -i /home/zzeng/cloud_research/PengGroup/ZZeng/Data/intron_retention/Human/CD4/tophat_analysis/TCM_CD4_Rest/TCM_CD4_Rest.bam -p single -s fr-unstranded -e hg19 -u /home/zzeng/cloud_research/PengGroup/ZZeng/Annotation/mappability/hg19_wgEncodeCrgMapabilityAlign50mer.bigWig -n TCM_CD4_Rest
[2017-06-08 00:24:22]: Beginning IRTools quant run 
--------------------------------------------------
[2017-06-08 00:24:22]: Generating grammar tables from /usr/lib/python2.7/lib2to3/Grammar.txt 
[2017-06-08 00:24:22]: Generating grammar tables from /usr/lib/python2.7/lib2to3/PatternGrammar.txt 
[2017-06-08 00:48:19]: Counting number of reads that map to each individual constitutive intronic region (CIR) and constitutive exonic region (CER) 
[2017-06-08 01:00:16]: Calculating CIR RPKM and CER RPKM in intron level 
[2017-06-08 01:00:16]: Calculating intron retention index (IRI) in intron level 
/home/zzeng/Software/IRTools/IRTools/quant_IRI.py:513: RuntimeWarning: invalid value encountered in divide
  intron_IRI = np.divide(CIR_RPKM, adjacent_CER_RPKM)
/home/zzeng/Software/IRTools/IRTools/quant_IRI.py:513: RuntimeWarning: divide by zero encountered in divide
  intron_IRI = np.divide(CIR_RPKM, adjacent_CER_RPKM)
[2017-06-08 01:00:18]: Appling filter to remove fake intron retention events 
[2017-06-08 01:02:10]: 568 constitutive intronic regions (CIR) are unlikely to be intron retention events and are filtered 
[2017-06-08 01:02:10]: Writing intron level result to file: TCM_CD4_Rest.quant.IRI.introns.txt 
[2017-06-08 01:02:11]: Counting number of reads that map to constitutive intronic regions (CIR) and constitutive exonic regions (CER) of each individual gene 
[2017-06-08 01:02:11]: Calculating CIR RPKM and CER RPKM in gene level 
[2017-06-08 01:02:11]: Calculating intron retention index (IRI) in gene level 
/home/zzeng/Software/IRTools/IRTools/quant_IRI.py:573: RuntimeWarning: invalid value encountered in divide
  gene_IRI = np.divide(gene_CIR_RPKM, gene_CER_RPKM)
/home/zzeng/Software/IRTools/IRTools/quant_IRI.py:573: RuntimeWarning: divide by zero encountered in divide
  gene_IRI = np.divide(gene_CIR_RPKM, gene_CER_RPKM)
[2017-06-08 01:02:11]: Writing gene level result to file: TCM_CD4_Rest.quant.IRI.genes.txt 
[2017-06-08 01:02:11]: Genome-wide intron retention statistics of the library: 
	Total CER read count: 3675736.706790 (56.57%)
	Total CIR read count: 919780.362906 (14.16%)
	Total read count: 6497632
	Genomoe-wide intron retention index: 0.016116
--------------------------------------------------
[2017-06-08 01:02:12]: Run complete: 0:37:50 elapsed 


IRTools quant -q IRI -i /home/zzeng/cloud_research/PengGroup/ZZeng/Data/intron_retention/Human/CD4/tophat_analysis/TCM_CD4_Active_40min/TCM_CD4_Active_40min.bam -p single -s fr-unstranded -e hg19 -u /home/zzeng/cloud_research/PengGroup/ZZeng/Annotation/mappability/hg19_wgEncodeCrgMapabilityAlign50mer.bigWig -n TCM_CD4_Active_40min
[2017-06-08 01:02:13]: Beginning IRTools quant run 
--------------------------------------------------
[2017-06-08 01:02:13]: Generating grammar tables from /usr/lib/python2.7/lib2to3/Grammar.txt 
[2017-06-08 01:02:13]: Generating grammar tables from /usr/lib/python2.7/lib2to3/PatternGrammar.txt 
[2017-06-08 01:26:16]: Counting number of reads that map to each individual constitutive intronic region (CIR) and constitutive exonic region (CER) 
[2017-06-08 01:35:27]: Calculating CIR RPKM and CER RPKM in intron level 
[2017-06-08 01:35:27]: Calculating intron retention index (IRI) in intron level 
/home/zzeng/Software/IRTools/IRTools/quant_IRI.py:513: RuntimeWarning: invalid value encountered in divide
  intron_IRI = np.divide(CIR_RPKM, adjacent_CER_RPKM)
/home/zzeng/Software/IRTools/IRTools/quant_IRI.py:513: RuntimeWarning: divide by zero encountered in divide
  intron_IRI = np.divide(CIR_RPKM, adjacent_CER_RPKM)
[2017-06-08 01:35:29]: Appling filter to remove fake intron retention events 
[2017-06-08 01:37:20]: 157 constitutive intronic regions (CIR) are unlikely to be intron retention events and are filtered 
[2017-06-08 01:37:20]: Writing intron level result to file: TCM_CD4_Active_40min.quant.IRI.introns.txt 
[2017-06-08 01:37:21]: Counting number of reads that map to constitutive intronic regions (CIR) and constitutive exonic regions (CER) of each individual gene 
[2017-06-08 01:37:21]: Calculating CIR RPKM and CER RPKM in gene level 
[2017-06-08 01:37:21]: Calculating intron retention index (IRI) in gene level 
/home/zzeng/Software/IRTools/IRTools/quant_IRI.py:573: RuntimeWarning: divide by zero encountered in divide
  gene_IRI = np.divide(gene_CIR_RPKM, gene_CER_RPKM)
/home/zzeng/Software/IRTools/IRTools/quant_IRI.py:573: RuntimeWarning: invalid value encountered in divide
  gene_IRI = np.divide(gene_CIR_RPKM, gene_CER_RPKM)
[2017-06-08 01:37:21]: Writing gene level result to file: TCM_CD4_Active_40min.quant.IRI.genes.txt 
[2017-06-08 01:37:22]: Genome-wide intron retention statistics of the library: 
	Total CER read count: 3165936.721999 (62.65%)
	Total CIR read count: 576538.322950 (11.41%)
	Total read count: 5052974
	Genomoe-wide intron retention index: 0.011672
--------------------------------------------------
[2017-06-08 01:37:23]: Run complete: 0:35:09 elapsed 


IRTools quant -q IRI -i /home/zzeng/cloud_research/PengGroup/ZZeng/Data/intron_retention/Human/CD4/tophat_analysis/TCM_CD4_Active_150min/TCM_CD4_Active_150min.bam -p single -s fr-unstranded -e hg19 -u /home/zzeng/cloud_research/PengGroup/ZZeng/Annotation/mappability/hg19_wgEncodeCrgMapabilityAlign50mer.bigWig -n TCM_CD4_Active_150min
[2017-06-08 01:37:23]: Beginning IRTools quant run 
--------------------------------------------------
[2017-06-08 01:37:24]: Generating grammar tables from /usr/lib/python2.7/lib2to3/Grammar.txt 
[2017-06-08 01:37:24]: Generating grammar tables from /usr/lib/python2.7/lib2to3/PatternGrammar.txt 
[2017-06-08 02:01:53]: Counting number of reads that map to each individual constitutive intronic region (CIR) and constitutive exonic region (CER) 
[2017-06-08 02:17:36]: Calculating CIR RPKM and CER RPKM in intron level 
[2017-06-08 02:17:36]: Calculating intron retention index (IRI) in intron level 
/home/zzeng/Software/IRTools/IRTools/quant_IRI.py:513: RuntimeWarning: invalid value encountered in divide
  intron_IRI = np.divide(CIR_RPKM, adjacent_CER_RPKM)
/home/zzeng/Software/IRTools/IRTools/quant_IRI.py:513: RuntimeWarning: divide by zero encountered in divide
  intron_IRI = np.divide(CIR_RPKM, adjacent_CER_RPKM)
[2017-06-08 02:17:38]: Appling filter to remove fake intron retention events 
[2017-06-08 02:19:31]: 478 constitutive intronic regions (CIR) are unlikely to be intron retention events and are filtered 
[2017-06-08 02:19:31]: Writing intron level result to file: TCM_CD4_Active_150min.quant.IRI.introns.txt 
[2017-06-08 02:19:32]: Counting number of reads that map to constitutive intronic regions (CIR) and constitutive exonic regions (CER) of each individual gene 
[2017-06-08 02:19:32]: Calculating CIR RPKM and CER RPKM in gene level 
[2017-06-08 02:19:32]: Calculating intron retention index (IRI) in gene level 
/home/zzeng/Software/IRTools/IRTools/quant_IRI.py:573: RuntimeWarning: divide by zero encountered in divide
  gene_IRI = np.divide(gene_CIR_RPKM, gene_CER_RPKM)
/home/zzeng/Software/IRTools/IRTools/quant_IRI.py:573: RuntimeWarning: invalid value encountered in divide
  gene_IRI = np.divide(gene_CIR_RPKM, gene_CER_RPKM)
[2017-06-08 02:19:32]: Writing gene level result to file: TCM_CD4_Active_150min.quant.IRI.genes.txt 
[2017-06-08 02:19:32]: Genome-wide intron retention statistics of the library: 
	Total CER read count: 5567772.498485 (64.74%)
	Total CIR read count: 881772.448918 (10.25%)
	Total read count: 8600038
	Genomoe-wide intron retention index: 0.010218
--------------------------------------------------
[2017-06-08 02:19:33]: Run complete: 0:42:09 elapsed 


IRTools quant -q IRI -i /home/zzeng/cloud_research/PengGroup/ZZeng/Data/intron_retention/Human/CD4/tophat_analysis/TCM_CD4_Active_15h/TCM_CD4_Active_15h.bam -p single -s fr-unstranded -e hg19 -u /home/zzeng/cloud_research/PengGroup/ZZeng/Annotation/mappability/hg19_wgEncodeCrgMapabilityAlign50mer.bigWig -n TCM_CD4_Active_15h
[2017-06-08 02:19:34]: Beginning IRTools quant run 
--------------------------------------------------
[2017-06-08 02:19:34]: Generating grammar tables from /usr/lib/python2.7/lib2to3/Grammar.txt 
[2017-06-08 02:19:34]: Generating grammar tables from /usr/lib/python2.7/lib2to3/PatternGrammar.txt 
[2017-06-08 02:44:06]: Counting number of reads that map to each individual constitutive intronic region (CIR) and constitutive exonic region (CER) 
[2017-06-08 02:57:06]: Calculating CIR RPKM and CER RPKM in intron level 
[2017-06-08 02:57:06]: Calculating intron retention index (IRI) in intron level 
/home/zzeng/Software/IRTools/IRTools/quant_IRI.py:513: RuntimeWarning: invalid value encountered in divide
  intron_IRI = np.divide(CIR_RPKM, adjacent_CER_RPKM)
/home/zzeng/Software/IRTools/IRTools/quant_IRI.py:513: RuntimeWarning: divide by zero encountered in divide
  intron_IRI = np.divide(CIR_RPKM, adjacent_CER_RPKM)
[2017-06-08 02:57:08]: Appling filter to remove fake intron retention events 
[2017-06-08 02:59:13]: 1248 constitutive intronic regions (CIR) are unlikely to be intron retention events and are filtered 
[2017-06-08 02:59:13]: Writing intron level result to file: TCM_CD4_Active_15h.quant.IRI.introns.txt 
[2017-06-08 02:59:14]: Counting number of reads that map to constitutive intronic regions (CIR) and constitutive exonic regions (CER) of each individual gene 
[2017-06-08 02:59:14]: Calculating CIR RPKM and CER RPKM in gene level 
[2017-06-08 02:59:14]: Calculating intron retention index (IRI) in gene level 
/home/zzeng/Software/IRTools/IRTools/quant_IRI.py:573: RuntimeWarning: divide by zero encountered in divide
  gene_IRI = np.divide(gene_CIR_RPKM, gene_CER_RPKM)
/home/zzeng/Software/IRTools/IRTools/quant_IRI.py:573: RuntimeWarning: invalid value encountered in divide
  gene_IRI = np.divide(gene_CIR_RPKM, gene_CER_RPKM)
[2017-06-08 02:59:15]: Writing gene level result to file: TCM_CD4_Active_15h.quant.IRI.genes.txt 
[2017-06-08 02:59:15]: Genome-wide intron retention statistics of the library: 
	Total CER read count: 4917309.013448 (70.98%)
	Total CIR read count: 453860.543190 (6.55%)
	Total read count: 6927760
	Genomoe-wide intron retention index: 0.006008
--------------------------------------------------
[2017-06-08 02:59:16]: Run complete: 0:39:41 elapsed 


IRTools quant -q IRI -i /home/zzeng/cloud_research/PengGroup/ZZeng/Data/intron_retention/Human/CD4/tophat_analysis/TEM_CD4_Rest/TEM_CD4_Rest.bam -p single -s fr-unstranded -e hg19 -u /home/zzeng/cloud_research/PengGroup/ZZeng/Annotation/mappability/hg19_wgEncodeCrgMapabilityAlign50mer.bigWig -n TEM_CD4_Rest
[2017-06-08 02:59:17]: Beginning IRTools quant run 
--------------------------------------------------
[2017-06-08 02:59:17]: Generating grammar tables from /usr/lib/python2.7/lib2to3/Grammar.txt 
[2017-06-08 02:59:17]: Generating grammar tables from /usr/lib/python2.7/lib2to3/PatternGrammar.txt 
[2017-06-08 03:24:18]: Counting number of reads that map to each individual constitutive intronic region (CIR) and constitutive exonic region (CER) 
[2017-06-08 03:34:21]: Calculating CIR RPKM and CER RPKM in intron level 
[2017-06-08 03:34:21]: Calculating intron retention index (IRI) in intron level 
/home/zzeng/Software/IRTools/IRTools/quant_IRI.py:513: RuntimeWarning: invalid value encountered in divide
  intron_IRI = np.divide(CIR_RPKM, adjacent_CER_RPKM)
/home/zzeng/Software/IRTools/IRTools/quant_IRI.py:513: RuntimeWarning: divide by zero encountered in divide
  intron_IRI = np.divide(CIR_RPKM, adjacent_CER_RPKM)
[2017-06-08 03:34:23]: Appling filter to remove fake intron retention events 
[2017-06-08 03:36:33]: 479 constitutive intronic regions (CIR) are unlikely to be intron retention events and are filtered 
[2017-06-08 03:36:33]: Writing intron level result to file: TEM_CD4_Rest.quant.IRI.introns.txt 
[2017-06-08 03:36:34]: Counting number of reads that map to constitutive intronic regions (CIR) and constitutive exonic regions (CER) of each individual gene 
[2017-06-08 03:36:34]: Calculating CIR RPKM and CER RPKM in gene level 
[2017-06-08 03:36:34]: Calculating intron retention index (IRI) in gene level 
/home/zzeng/Software/IRTools/IRTools/quant_IRI.py:573: RuntimeWarning: divide by zero encountered in divide
  gene_IRI = np.divide(gene_CIR_RPKM, gene_CER_RPKM)
/home/zzeng/Software/IRTools/IRTools/quant_IRI.py:573: RuntimeWarning: invalid value encountered in divide
  gene_IRI = np.divide(gene_CIR_RPKM, gene_CER_RPKM)
[2017-06-08 03:36:35]: Writing gene level result to file: TEM_CD4_Rest.quant.IRI.genes.txt 
[2017-06-08 03:36:35]: Genome-wide intron retention statistics of the library: 
	Total CER read count: 3244773.718184 (56.86%)
	Total CIR read count: 732428.305481 (12.83%)
	Total read count: 5706712
	Genomoe-wide intron retention index: 0.014526
--------------------------------------------------
[2017-06-08 03:36:36]: Run complete: 0:37:18 elapsed 


IRTools quant -q IRI -i /home/zzeng/cloud_research/PengGroup/ZZeng/Data/intron_retention/Human/CD4/tophat_analysis/TEM_CD4_Active_40min/TEM_CD4_Active_40min.bam -p single -s fr-unstranded -e hg19 -u /home/zzeng/cloud_research/PengGroup/ZZeng/Annotation/mappability/hg19_wgEncodeCrgMapabilityAlign50mer.bigWig -n TEM_CD4_Active_40min
[2017-06-08 03:36:37]: Beginning IRTools quant run 
--------------------------------------------------
[2017-06-08 03:36:37]: Generating grammar tables from /usr/lib/python2.7/lib2to3/Grammar.txt 
[2017-06-08 03:36:37]: Generating grammar tables from /usr/lib/python2.7/lib2to3/PatternGrammar.txt 
[2017-06-08 04:00:32]: Counting number of reads that map to each individual constitutive intronic region (CIR) and constitutive exonic region (CER) 
[2017-06-08 04:19:33]: Calculating CIR RPKM and CER RPKM in intron level 
[2017-06-08 04:19:33]: Calculating intron retention index (IRI) in intron level 
/home/zzeng/Software/IRTools/IRTools/quant_IRI.py:513: RuntimeWarning: invalid value encountered in divide
  intron_IRI = np.divide(CIR_RPKM, adjacent_CER_RPKM)
/home/zzeng/Software/IRTools/IRTools/quant_IRI.py:513: RuntimeWarning: divide by zero encountered in divide
  intron_IRI = np.divide(CIR_RPKM, adjacent_CER_RPKM)
[2017-06-08 04:19:35]: Appling filter to remove fake intron retention events 
[2017-06-08 04:21:41]: 541 constitutive intronic regions (CIR) are unlikely to be intron retention events and are filtered 
[2017-06-08 04:21:41]: Writing intron level result to file: TEM_CD4_Active_40min.quant.IRI.introns.txt 
[2017-06-08 04:21:42]: Counting number of reads that map to constitutive intronic regions (CIR) and constitutive exonic regions (CER) of each individual gene 
[2017-06-08 04:21:42]: Calculating CIR RPKM and CER RPKM in gene level 
[2017-06-08 04:21:42]: Calculating intron retention index (IRI) in gene level 
/home/zzeng/Software/IRTools/IRTools/quant_IRI.py:573: RuntimeWarning: divide by zero encountered in divide
  gene_IRI = np.divide(gene_CIR_RPKM, gene_CER_RPKM)
/home/zzeng/Software/IRTools/IRTools/quant_IRI.py:573: RuntimeWarning: invalid value encountered in divide
  gene_IRI = np.divide(gene_CIR_RPKM, gene_CER_RPKM)
[2017-06-08 04:21:42]: Writing gene level result to file: TEM_CD4_Active_40min.quant.IRI.genes.txt 
[2017-06-08 04:21:42]: Genome-wide intron retention statistics of the library: 
	Total CER read count: 6679439.381484 (62.80%)
	Total CIR read count: 1098241.863321 (10.33%)
	Total read count: 10635579
	Genomoe-wide intron retention index: 0.010598
--------------------------------------------------
[2017-06-08 04:21:43]: Run complete: 0:45:06 elapsed 


IRTools quant -q IRI -i /home/zzeng/cloud_research/PengGroup/ZZeng/Data/intron_retention/Human/CD4/tophat_analysis/TEM_CD4_Active_150min/TEM_CD4_Active_150min.bam -p single -s fr-unstranded -e hg19 -u /home/zzeng/cloud_research/PengGroup/ZZeng/Annotation/mappability/hg19_wgEncodeCrgMapabilityAlign50mer.bigWig -n TEM_CD4_Active_150min
[2017-06-08 04:21:44]: Beginning IRTools quant run 
--------------------------------------------------
[2017-06-08 04:21:44]: Generating grammar tables from /usr/lib/python2.7/lib2to3/Grammar.txt 
[2017-06-08 04:21:44]: Generating grammar tables from /usr/lib/python2.7/lib2to3/PatternGrammar.txt 
[2017-06-08 04:46:24]: Counting number of reads that map to each individual constitutive intronic region (CIR) and constitutive exonic region (CER) 
[2017-06-08 04:58:21]: Calculating CIR RPKM and CER RPKM in intron level 
[2017-06-08 04:58:21]: Calculating intron retention index (IRI) in intron level 
/home/zzeng/Software/IRTools/IRTools/quant_IRI.py:513: RuntimeWarning: invalid value encountered in divide
  intron_IRI = np.divide(CIR_RPKM, adjacent_CER_RPKM)
/home/zzeng/Software/IRTools/IRTools/quant_IRI.py:513: RuntimeWarning: divide by zero encountered in divide
  intron_IRI = np.divide(CIR_RPKM, adjacent_CER_RPKM)
[2017-06-08 04:58:23]: Appling filter to remove fake intron retention events 
[2017-06-08 05:00:28]: 371 constitutive intronic regions (CIR) are unlikely to be intron retention events and are filtered 
[2017-06-08 05:00:28]: Writing intron level result to file: TEM_CD4_Active_150min.quant.IRI.introns.txt 
[2017-06-08 05:00:29]: Counting number of reads that map to constitutive intronic regions (CIR) and constitutive exonic regions (CER) of each individual gene 
[2017-06-08 05:00:29]: Calculating CIR RPKM and CER RPKM in gene level 
[2017-06-08 05:00:29]: Calculating intron retention index (IRI) in gene level 
/home/zzeng/Software/IRTools/IRTools/quant_IRI.py:573: RuntimeWarning: invalid value encountered in divide
  gene_IRI = np.divide(gene_CIR_RPKM, gene_CER_RPKM)
/home/zzeng/Software/IRTools/IRTools/quant_IRI.py:573: RuntimeWarning: divide by zero encountered in divide
  gene_IRI = np.divide(gene_CIR_RPKM, gene_CER_RPKM)
[2017-06-08 05:00:30]: Writing gene level result to file: TEM_CD4_Active_150min.quant.IRI.genes.txt 
[2017-06-08 05:00:30]: Genome-wide intron retention statistics of the library: 
	Total CER read count: 4031370.962884 (63.57%)
	Total CIR read count: 675305.190940 (10.65%)
	Total read count: 6341800
	Genomoe-wide intron retention index: 0.010790
--------------------------------------------------
[2017-06-08 05:00:31]: Run complete: 0:38:46 elapsed 


IRTools quant -q IRI -i /home/zzeng/cloud_research/PengGroup/ZZeng/Data/intron_retention/Human/CD4/tophat_analysis/TEM_CD4_Active_15h/TEM_CD4_Active_15h.bam -p single -s fr-unstranded -e hg19 -u /home/zzeng/cloud_research/PengGroup/ZZeng/Annotation/mappability/hg19_wgEncodeCrgMapabilityAlign50mer.bigWig -n TEM_CD4_Active_15h
[2017-06-08 05:00:32]: Beginning IRTools quant run 
--------------------------------------------------
[2017-06-08 05:00:32]: Generating grammar tables from /usr/lib/python2.7/lib2to3/Grammar.txt 
[2017-06-08 05:00:32]: Generating grammar tables from /usr/lib/python2.7/lib2to3/PatternGrammar.txt 
[2017-06-08 05:25:12]: Counting number of reads that map to each individual constitutive intronic region (CIR) and constitutive exonic region (CER) 
[2017-06-08 05:32:02]: Calculating CIR RPKM and CER RPKM in intron level 
[2017-06-08 05:32:02]: Calculating intron retention index (IRI) in intron level 
/home/zzeng/Software/IRTools/IRTools/quant_IRI.py:513: RuntimeWarning: invalid value encountered in divide
  intron_IRI = np.divide(CIR_RPKM, adjacent_CER_RPKM)
/home/zzeng/Software/IRTools/IRTools/quant_IRI.py:513: RuntimeWarning: divide by zero encountered in divide
  intron_IRI = np.divide(CIR_RPKM, adjacent_CER_RPKM)
[2017-06-08 05:32:05]: Appling filter to remove fake intron retention events 
[2017-06-08 05:34:08]: 142 constitutive intronic regions (CIR) are unlikely to be intron retention events and are filtered 
[2017-06-08 05:34:08]: Writing intron level result to file: TEM_CD4_Active_15h.quant.IRI.introns.txt 
[2017-06-08 05:34:09]: Counting number of reads that map to constitutive intronic regions (CIR) and constitutive exonic regions (CER) of each individual gene 
[2017-06-08 05:34:09]: Calculating CIR RPKM and CER RPKM in gene level 
[2017-06-08 05:34:09]: Calculating intron retention index (IRI) in gene level 
/home/zzeng/Software/IRTools/IRTools/quant_IRI.py:573: RuntimeWarning: invalid value encountered in divide
  gene_IRI = np.divide(gene_CIR_RPKM, gene_CER_RPKM)
/home/zzeng/Software/IRTools/IRTools/quant_IRI.py:573: RuntimeWarning: divide by zero encountered in divide
  gene_IRI = np.divide(gene_CIR_RPKM, gene_CER_RPKM)
[2017-06-08 05:34:09]: Writing gene level result to file: TEM_CD4_Active_15h.quant.IRI.genes.txt 
[2017-06-08 05:34:10]: Genome-wide intron retention statistics of the library: 
	Total CER read count: 2596124.469213 (70.24%)
	Total CIR read count: 240880.440960 (6.52%)
	Total read count: 3695893
	Genomoe-wide intron retention index: 0.005944
--------------------------------------------------
[2017-06-08 05:34:11]: Run complete: 0:33:39 elapsed 


done
